<?xml version="1.0" encoding="UTF-8"?>
<!-- Generated by org.testng.reporters.JUnitReportReporter -->
<testsuite hostname="DESKTOP-KHFPL78" failures="0" tests="9" name="com.ecommerce.runners.TestRunnerSignUpLoginTestCase" time="497.293" errors="0" timestamp="2025-03-21T02:41:48 PDT" skipped="0">
  <testcase classname="com.ecommerce.runners.TestRunnerSignUpLoginTestCase" name="runScenario" time="19.429"/>
  <testcase classname="com.ecommerce.runners.TestRunnerSignUpLoginTestCase" name="runScenario" time="20.792"/>
  <testcase classname="com.ecommerce.runners.TestRunnerSignUpLoginTestCase" name="runScenario" time="19.452"/>
  <testcase classname="com.ecommerce.runners.TestRunnerSignUpLoginTestCase" name="runScenario" time="128.435"/>
  <testcase classname="com.ecommerce.runners.TestRunnerSignUpLoginTestCase" name="runScenario" time="83.320"/>
  <testcase classname="com.ecommerce.runners.TestRunnerSignUpLoginTestCase" name="runScenario" time="23.102"/>
  <testcase classname="com.ecommerce.runners.TestRunnerSignUpLoginTestCase" name="runScenario" time="24.073"/>
  <testcase classname="com.ecommerce.runners.TestRunnerSignUpLoginTestCase" name="runScenario" time="110.746"/>
  <testcase classname="com.ecommerce.runners.TestRunnerSignUpLoginTestCase" name="runScenario" time="67.944"/>
</testsuite> <!-- com.ecommerce.runners.TestRunnerSignUpLoginTestCase -->
