<?xml version="1.0" encoding="UTF-8"?>
<!-- Generated by org.testng.reporters.JUnitReportReporter -->
<testsuite hostname="DESKTOP-KHFPL78" failures="0" tests="1" name="com.ecommerce.runners.TestRunnerProductTestCase" time="29.527" errors="0" timestamp="2025-03-21T02:41:48 PDT" skipped="0">
  <testcase classname="com.ecommerce.runners.TestRunnerProductTestCase" name="runScenario" time="29.527"/>
</testsuite> <!-- com.ecommerce.runners.TestRunnerProductTestCase -->
