<?xml version="1.0" encoding="UTF-8"?>
<!-- Generated by org.testng.reporters.JUnitReportReporter -->
<testsuite hostname="DESKTOP-KHFPL78" failures="0" tests="1" name="com.ecommerce.runners.TestRunner" time="42.957" errors="0" timestamp="2025-03-17T13:06:59 PDT" skipped="0">
  <testcase classname="com.ecommerce.runners.TestRunner" name="runScenario" time="42.957"/>
</testsuite> <!-- com.ecommerce.runners.TestRunner -->
