<?xml version="1.0" encoding="UTF-8"?>
<!-- Generated by org.testng.reporters.JUnitReportReporter -->
<testsuite hostname="DESKTOP-KHFPL78" failures="0" tests="1" name="com.wipro.NewTest2" time="6.712" errors="0" timestamp="2025-02-27T12:16:02 PST" skipped="0">
  <testcase classname="com.wipro.NewTest2" name="f" time="6.712"/>
</testsuite> <!-- com.wipro.NewTest2 -->
