<?xml version="1.0" encoding="UTF-8"?>
<!-- Generated by org.testng.reporters.JUnitReportReporter -->
<testsuite hostname="DESKTOP-KHFPL78" failures="0" tests="2" name="sample.GroupDemo" time="0.026" errors="0" timestamp="2025-02-28T01:26:48 PST" skipped="0">
  <testcase classname="sample.GroupDemo" name="A" time="0.024"/>
  <testcase classname="sample.GroupDemo" name="B" time="0.002"/>
</testsuite> <!-- sample.GroupDemo -->
