<?xml version="1.0" encoding="UTF-8"?>
<!-- Generated by org.testng.reporters.JUnitReportReporter -->
<testsuite hostname="DESKTOP-KHFPL78" failures="0" tests="5" name="com.ecommerce.runners.TestRunnerCheckout" time="251.525" errors="0" timestamp="2025-03-21T00:41:54 PDT" skipped="0">
  <testcase classname="com.ecommerce.runners.TestRunnerCheckout" name="runScenario" time="46.136"/>
  <testcase classname="com.ecommerce.runners.TestRunnerCheckout" name="runScenario" time="79.268"/>
  <testcase classname="com.ecommerce.runners.TestRunnerCheckout" name="runScenario" time="29.298"/>
  <testcase classname="com.ecommerce.runners.TestRunnerCheckout" name="runScenario" time="77.717"/>
  <testcase classname="com.ecommerce.runners.TestRunnerCheckout" name="runScenario" time="19.106"/>
</testsuite> <!-- com.ecommerce.runners.TestRunnerCheckout -->
