<?xml version="1.0" encoding="UTF-8"?>
<!-- Generated by org.testng.reporters.JUnitReportReporter -->
<testsuite hostname="DESKTOP-KHFPL78" failures="0" tests="1" name="sample.SmartBear" time="7.396" errors="0" timestamp="2025-03-02T19:50:16 PST" skipped="0">
  <testcase classname="sample.SmartBear" name="login" time="7.396"/>
</testsuite> <!-- sample.SmartBear -->
