<?xml version="1.0" encoding="UTF-8"?>
<!-- Generated by org.testng.reporters.JUnitReportReporter -->
<testsuite hostname="DESKTOP-KHFPL78" failures="0" tests="2" name="sample.Beginer" time="0.027" errors="0" timestamp="2025-02-28T03:34:05 PST" skipped="0">
  <testcase classname="sample.Beginer" name="logTc" time="0.023"/>
  <testcase classname="sample.Beginer" name="search" time="0.004"/>
</testsuite> <!-- sample.Beginer -->
