<?xml version="1.0" encoding="UTF-8"?>
<!-- Generated by org.testng.reporters.JUnitReportReporter -->
<testsuite hostname="DESKTOP-KHFPL78" failures="0" tests="1" name="Runner.RunnerClass" time="12.949" errors="0" timestamp="2025-03-07T23:28:32 PST" skipped="0">
  <testcase classname="Runner.RunnerClass" name="runScenario" time="12.949"/>
</testsuite> <!-- Runner.RunnerClass -->
