<?xml version="1.0" encoding="UTF-8"?>
<!-- Generated by org.testng.reporters.JUnitReportReporter -->
<testsuite hostname="DESKTOP-KHFPL78" failures="0" tests="5" name="com.ecommerce.runners.TestRunnerCheckoutTestCase" time="227.463" errors="0" timestamp="2025-03-21T04:10:05 PDT" skipped="0">
  <testcase classname="com.ecommerce.runners.TestRunnerCheckoutTestCase" name="runScenario" time="32.936"/>
  <testcase classname="com.ecommerce.runners.TestRunnerCheckoutTestCase" name="runScenario" time="18.762"/>
  <testcase classname="com.ecommerce.runners.TestRunnerCheckoutTestCase" name="runScenario" time="37.107"/>
  <testcase classname="com.ecommerce.runners.TestRunnerCheckoutTestCase" name="runScenario" time="55.042"/>
  <testcase classname="com.ecommerce.runners.TestRunnerCheckoutTestCase" name="runScenario" time="83.616"/>
</testsuite> <!-- com.ecommerce.runners.TestRunnerCheckoutTestCase -->
