<?xml version="1.0" encoding="UTF-8"?>
<!-- Generated by org.testng.reporters.JUnitReportReporter -->
<testsuite hostname="DESKTOP-KHFPL78" failures="0" tests="2" name="stepdefpkg.RunnerF1F2" time="0.224" errors="0" timestamp="2025-03-05T03:29:19 PST" skipped="0">
  <testcase classname="stepdefpkg.RunnerF1F2" name="runScenario" time="0.009"/>
  <testcase classname="stepdefpkg.RunnerF1F2" name="runScenario" time="0.215"/>
</testsuite> <!-- stepdefpkg.RunnerF1F2 -->
