<?xml version="1.0" encoding="UTF-8"?>
<!-- Generated by org.testng.reporters.JUnitReportReporter -->
<testsuite hostname="DESKTOP-KHFPL78" failures="0" tests="1" name="file.Run" time="8.435" errors="0" timestamp="2025-03-02T19:38:08 PST" skipped="0">
  <testcase classname="file.Run" name="f" time="8.435"/>
</testsuite> <!-- file.Run -->
