<?xml version="1.0" encoding="UTF-8"?>
<!-- Generated by org.testng.reporters.JUnitReportReporter -->
<testsuite hostname="DESKTOP-KHFPL78" failures="0" tests="1" name="com.ecommerce.runners.TestRunnerProduct" time="58.290" errors="0" timestamp="2025-03-21T01:44:04 PDT" skipped="0">
  <testcase classname="com.ecommerce.runners.TestRunnerProduct" name="runScenario" time="58.290"/>
</testsuite> <!-- com.ecommerce.runners.TestRunnerProduct -->
