<?xml version="1.0" encoding="UTF-8"?>
<!-- Generated by org.testng.reporters.JUnitReportReporter -->
<testsuite hostname="DESKTOP-KHFPL78" failures="0" tests="9" name="com.ecommerce.runners.TestRunnerSignUpLogin" time="507.595" errors="0" timestamp="2025-03-21T00:03:28 PDT" skipped="0">
  <testcase classname="com.ecommerce.runners.TestRunnerSignUpLogin" name="runScenario" time="131.337"/>
  <testcase classname="com.ecommerce.runners.TestRunnerSignUpLogin" name="runScenario" time="90.154"/>
  <testcase classname="com.ecommerce.runners.TestRunnerSignUpLogin" name="runScenario" time="31.342"/>
  <testcase classname="com.ecommerce.runners.TestRunnerSignUpLogin" name="runScenario" time="40.389"/>
  <testcase classname="com.ecommerce.runners.TestRunnerSignUpLogin" name="runScenario" time="34.906"/>
  <testcase classname="com.ecommerce.runners.TestRunnerSignUpLogin" name="runScenario" time="23.673"/>
  <testcase classname="com.ecommerce.runners.TestRunnerSignUpLogin" name="runScenario" time="35.408"/>
  <testcase classname="com.ecommerce.runners.TestRunnerSignUpLogin" name="runScenario" time="87.264"/>
  <testcase classname="com.ecommerce.runners.TestRunnerSignUpLogin" name="runScenario" time="33.122"/>
</testsuite> <!-- com.ecommerce.runners.TestRunnerSignUpLogin -->
