<?xml version="1.0" encoding="UTF-8"?>
<!-- Generated by org.testng.reporters.JUnitReportReporter -->
<testsuite hostname="DESKTOP-KHFPL78" failures="0" tests="1" name="file.Facebook" time="8.276" errors="0" timestamp="2025-02-28T22:45:14 PST" skipped="0">
  <testcase classname="file.Facebook" name="setup" time="8.276"/>
</testsuite> <!-- file.Facebook -->
