<?xml version="1.0" encoding="UTF-8"?>
<!-- Generated by org.testng.reporters.JUnitReportReporter -->
<testsuite hostname="DESKTOP-KHFPL78" failures="0" tests="9" name="com.ecommerce.runners.TestRunnerSignUpLoginTestCase" time="263.771" errors="0" timestamp="2025-03-21T03:38:20 PDT" skipped="0">
  <testcase classname="com.ecommerce.runners.TestRunnerSignUpLoginTestCase" name="runScenario" time="12.981"/>
  <testcase classname="com.ecommerce.runners.TestRunnerSignUpLoginTestCase" name="runScenario" time="20.869"/>
  <testcase classname="com.ecommerce.runners.TestRunnerSignUpLoginTestCase" name="runScenario" time="38.588"/>
  <testcase classname="com.ecommerce.runners.TestRunnerSignUpLoginTestCase" name="runScenario" time="25.779"/>
  <testcase classname="com.ecommerce.runners.TestRunnerSignUpLoginTestCase" name="runScenario" time="29.220"/>
  <testcase classname="com.ecommerce.runners.TestRunnerSignUpLoginTestCase" name="runScenario" time="32.118"/>
  <testcase classname="com.ecommerce.runners.TestRunnerSignUpLoginTestCase" name="runScenario" time="47.717"/>
  <testcase classname="com.ecommerce.runners.TestRunnerSignUpLoginTestCase" name="runScenario" time="21.950"/>
  <testcase classname="com.ecommerce.runners.TestRunnerSignUpLoginTestCase" name="runScenario" time="34.549"/>
</testsuite> <!-- com.ecommerce.runners.TestRunnerSignUpLoginTestCase -->
