<?xml version="1.0" encoding="UTF-8"?>
<!-- Generated by org.testng.reporters.JUnitReportReporter -->
<testsuite hostname="DESKTOP-KHFPL78" failures="0" tests="1" name="Feb_25.WindowAlert" time="12.067" errors="0" timestamp="2025-02-26T03:24:04 PST" skipped="0">
  <testcase classname="Feb_25.WindowAlert" name="window" time="12.067"/>
</testsuite> <!-- Feb_25.WindowAlert -->
