<?xml version="1.0" encoding="UTF-8"?>
<!-- Generated by org.testng.reporters.JUnitReportReporter -->
<testsuite hostname="DESKTOP-KHFPL78" failures="0" tests="7" name="com.ecommerce.runners.TestRunnerProductTestCase" time="226.057" errors="0" timestamp="2025-03-21T03:44:47 PDT" skipped="0">
  <testcase classname="com.ecommerce.runners.TestRunnerProductTestCase" name="runScenario" time="26.102"/>
  <testcase classname="com.ecommerce.runners.TestRunnerProductTestCase" name="runScenario" time="32.846"/>
  <testcase classname="com.ecommerce.runners.TestRunnerProductTestCase" name="runScenario" time="36.468"/>
  <testcase classname="com.ecommerce.runners.TestRunnerProductTestCase" name="runScenario" time="27.337"/>
  <testcase classname="com.ecommerce.runners.TestRunnerProductTestCase" name="runScenario" time="39.855"/>
  <testcase classname="com.ecommerce.runners.TestRunnerProductTestCase" name="runScenario" time="32.316"/>
  <testcase classname="com.ecommerce.runners.TestRunnerProductTestCase" name="runScenario" time="31.133"/>
</testsuite> <!-- com.ecommerce.runners.TestRunnerProductTestCase -->
