<?xml version="1.0" encoding="UTF-8"?>
<!-- Generated by org.testng.reporters.JUnitReportReporter -->
<testsuite hostname="DESKTOP-KHFPL78" failures="0" tests="1" name="sample.NewTest25" time="4.979" errors="0" timestamp="2025-02-27T23:31:06 PST" skipped="0">
  <testcase classname="sample.NewTest25" name="check" time="4.979"/>
</testsuite> <!-- sample.NewTest25 -->
