<?xml version="1.0" encoding="UTF-8"?>
<!-- Generated by org.testng.reporters.JUnitReportReporter -->
<testsuite hostname="DESKTOP-KHFPL78" failures="0" tests="3" name="com.ecommerce.runners.EmiRunner" time="45.703" errors="0" timestamp="2025-03-18T05:35:41 PDT" skipped="0">
  <testcase classname="com.ecommerce.runners.EmiRunner" name="runScenario" time="11.945"/>
  <testcase classname="com.ecommerce.runners.EmiRunner" name="runScenario" time="22.177"/>
  <testcase classname="com.ecommerce.runners.EmiRunner" name="runScenario" time="11.581"/>
</testsuite> <!-- com.ecommerce.runners.EmiRunner -->
